<?xml version="1.0" encoding="UTF-8"?>
<!-- Generated by org.testng.reporters.JUnitXMLReporter -->
<testsuite ignored="0" hostname="DESKTOP-9H02JE3" failures="0" tests="3" name="Default test" time="83.169" errors="0" timestamp="2024-05-10T10:51:14 IST">
  <testcase classname="LamdaTestAssignment" name="senario1" time="6.521"/>
  <testcase classname="LamdaTestAssignment" name="senario2" time="35.987"/>
  <testcase classname="LamdaTestAssignment" name="senario3" time="13.832"/>
</testsuite> <!-- Default test -->
